[debug] ----------------------------------------------------------------------
[debug] Command:      C:\Program Files\nodejs\node.exe C:\Users\gwcp\AppData\Roaming\npm\node_modules\firebase-tools\bin\firebase init
[debug] CLI Version:  3.0.6
[debug] Platform:     win32
[debug] Node Version: v4.4.7
[debug] Time:         Wed Aug 10 2016 11:33:17 GMT-0700 (Pacific Daylight Time)
[debug] ----------------------------------------------------------------------
[debug] 
[debug] > command requires scopes: ["email","openid","https://www.googleapis.com/auth/cloudplatformprojects.readonly","https://www.googleapis.com/auth/firebase"]
[info] 
     ######## #### ########  ######## ########     ###     ######  ########
     ##        ##  ##     ## ##       ##     ##  ##   ##  ##       ##
     ######    ##  ########  ######   ########  #########  ######  ######
     ##        ##  ##    ##  ##       ##     ## ##     ##       ## ##
     ##       #### ##     ## ######## ########  ##     ##  ######  ########

You're about to initialize a Firebase project in this directory:

  C:\Users

Before we get started, keep in mind:

  * You are initializing in an existing Firebase project directory

[info] 
=== Project Setup
[info] 
[info] First, let's associate this project directory with a Firebase project.
[info] You can create multiple project aliases by running firebase use --add, 
[info] but for now we'll just set up a default project.
[info] 
[debug] > refreshing access token with scopes: ["email","https://www.googleapis.com/auth/cloudplatformprojects.readonly","https://www.googleapis.com/auth/firebase","openid"]
[debug] >>> HTTP REQUEST POST https://www.googleapis.com/oauth2/v3/token
[debug] <<< HTTP RESPONSE 200
[debug] >>> HTTP REQUEST GET https://admin.firebase.com/v1/projects 
[debug] <<< HTTP RESPONSE 200
[info] i  .firebaserc already has a default project, skipping
[info] 
=== Database Setup
[info] 
[info] Firebase Realtime Database Rules allow you to define how your data should be
[info] structured and when your data can be read from and written to.
[info] 
[debug] Error: EPERM: operation not permitted, open 'C:\Users\database.rules.json'
    at Error (native)
    at Object.fs.openSync (fs.js:549:18)
    at Object.fs.writeFileSync (fs.js:1156:15)
    at Config.writeProjectFile (C:\Users\gwcp\AppData\Roaming\npm\node_modules\firebase-tools\lib\config.js:183:6)
    at C:\Users\gwcp\AppData\Roaming\npm\node_modules\firebase-tools\lib\init\features\database.js:27:19
    at lib$rsvp$$internal$$tryCatch (C:\Users\gwcp\AppData\Roaming\npm\node_modules\firebase-tools\node_modules\rsvp\dist\rsvp.js:1036:16)
    at lib$rsvp$$internal$$invokeCallback (C:\Users\gwcp\AppData\Roaming\npm\node_modules\firebase-tools\node_modules\rsvp\dist\rsvp.js:1048:17)
    at C:\Users\gwcp\AppData\Roaming\npm\node_modules\firebase-tools\node_modules\rsvp\dist\rsvp.js:331:11
    at lib$rsvp$asap$$flush (C:\Users\gwcp\AppData\Roaming\npm\node_modules\firebase-tools\node_modules\rsvp\dist\rsvp.js:1198:9)
    at nextTickCallbackWith0Args (node.js:420:9)
[error] 
[error] Error: An unexpected error has occurred.
